Linked: (/home/null/ros_ws/ur_robot/devel/.private/twist_srv/lib/pkgconfig/twist_srv.pc, /home/null/ros_ws/ur_robot/devel/lib/pkgconfig/twist_srv.pc)
Linked: (/home/null/ros_ws/ur_robot/devel/.private/twist_srv/lib/python2.7/dist-packages/twist_srv/__init__.py, /home/null/ros_ws/ur_robot/devel/lib/python2.7/dist-packages/twist_srv/__init__.py)
Linked: (/home/null/ros_ws/ur_robot/devel/.private/twist_srv/lib/python2.7/dist-packages/twist_srv/srv/_call_twist.py, /home/null/ros_ws/ur_robot/devel/lib/python2.7/dist-packages/twist_srv/srv/_call_twist.py)
Linked: (/home/null/ros_ws/ur_robot/devel/.private/twist_srv/lib/python2.7/dist-packages/twist_srv/srv/__init__.py, /home/null/ros_ws/ur_robot/devel/lib/python2.7/dist-packages/twist_srv/srv/__init__.py)
Linked: (/home/null/ros_ws/ur_robot/devel/.private/twist_srv/include/twist_srv/call_twistRequest.h, /home/null/ros_ws/ur_robot/devel/include/twist_srv/call_twistRequest.h)
Linked: (/home/null/ros_ws/ur_robot/devel/.private/twist_srv/include/twist_srv/call_twist.h, /home/null/ros_ws/ur_robot/devel/include/twist_srv/call_twist.h)
Linked: (/home/null/ros_ws/ur_robot/devel/.private/twist_srv/include/twist_srv/call_twistResponse.h, /home/null/ros_ws/ur_robot/devel/include/twist_srv/call_twistResponse.h)
Linked: (/home/null/ros_ws/ur_robot/devel/.private/twist_srv/share/roseus/ros/twist_srv/manifest.l, /home/null/ros_ws/ur_robot/devel/share/roseus/ros/twist_srv/manifest.l)
Linked: (/home/null/ros_ws/ur_robot/devel/.private/twist_srv/share/roseus/ros/twist_srv/srv/call_twist.l, /home/null/ros_ws/ur_robot/devel/share/roseus/ros/twist_srv/srv/call_twist.l)
Linked: (/home/null/ros_ws/ur_robot/devel/.private/twist_srv/share/common-lisp/ros/twist_srv/srv/_package.lisp, /home/null/ros_ws/ur_robot/devel/share/common-lisp/ros/twist_srv/srv/_package.lisp)
Linked: (/home/null/ros_ws/ur_robot/devel/.private/twist_srv/share/common-lisp/ros/twist_srv/srv/_package_call_twist.lisp, /home/null/ros_ws/ur_robot/devel/share/common-lisp/ros/twist_srv/srv/_package_call_twist.lisp)
Linked: (/home/null/ros_ws/ur_robot/devel/.private/twist_srv/share/common-lisp/ros/twist_srv/srv/call_twist.lisp, /home/null/ros_ws/ur_robot/devel/share/common-lisp/ros/twist_srv/srv/call_twist.lisp)
Linked: (/home/null/ros_ws/ur_robot/devel/.private/twist_srv/share/common-lisp/ros/twist_srv/srv/twist_srv-srv.asd, /home/null/ros_ws/ur_robot/devel/share/common-lisp/ros/twist_srv/srv/twist_srv-srv.asd)
Linked: (/home/null/ros_ws/ur_robot/devel/.private/twist_srv/share/twist_srv/cmake/twist_srvConfig-version.cmake, /home/null/ros_ws/ur_robot/devel/share/twist_srv/cmake/twist_srvConfig-version.cmake)
Linked: (/home/null/ros_ws/ur_robot/devel/.private/twist_srv/share/twist_srv/cmake/twist_srvConfig.cmake, /home/null/ros_ws/ur_robot/devel/share/twist_srv/cmake/twist_srvConfig.cmake)
Linked: (/home/null/ros_ws/ur_robot/devel/.private/twist_srv/share/twist_srv/cmake/twist_srv-msg-extras.cmake, /home/null/ros_ws/ur_robot/devel/share/twist_srv/cmake/twist_srv-msg-extras.cmake)
Linked: (/home/null/ros_ws/ur_robot/devel/.private/twist_srv/share/twist_srv/cmake/twist_srv-msg-paths.cmake, /home/null/ros_ws/ur_robot/devel/share/twist_srv/cmake/twist_srv-msg-paths.cmake)
Linked: (/home/null/ros_ws/ur_robot/devel/.private/twist_srv/share/gennodejs/ros/twist_srv/_index.js, /home/null/ros_ws/ur_robot/devel/share/gennodejs/ros/twist_srv/_index.js)
Linked: (/home/null/ros_ws/ur_robot/devel/.private/twist_srv/share/gennodejs/ros/twist_srv/srv/_index.js, /home/null/ros_ws/ur_robot/devel/share/gennodejs/ros/twist_srv/srv/_index.js)
Linked: (/home/null/ros_ws/ur_robot/devel/.private/twist_srv/share/gennodejs/ros/twist_srv/srv/call_twist.js, /home/null/ros_ws/ur_robot/devel/share/gennodejs/ros/twist_srv/srv/call_twist.js)
